Using pre-set license
Built from '2021.3/staging' branch; Version is '2021.3.11f1 (0a5ca18544bf) revision 679073'; Using compiler version '192829333'; Build Type 'Release'
OS: 'Windows 11  (10.0.22621) 64bit ProfessionalWorkstation' Language: 'ru' Physical Memory: 15791 MB
BatchMode: 1, IsHumanControllingUs: 0, StartBugReporterOnCrash: 0, Is64bit: 1, IsPro: 1

COMMAND LINE ARGUMENTS:
C:\Program Files\Unity\Hub\Editor\2021.3.11f1\Editor\Unity.exe
-adb2
-batchMode
-noUpm
-name
AssetImportWorker1
-projectPath
C:/Users/Nikita Fendel/Street Driver 11
-logFile
Logs/AssetImportWorker1.log
-srvPort
51922
Successfully changed project path to: C:/Users/Nikita Fendel/Street Driver 11
C:/Users/Nikita Fendel/Street Driver 11
[UnityMemory] Configuration Parameters - Can be set up in boot.config
    "memorysetup-bucket-allocator-granularity=16"
    "memorysetup-bucket-allocator-bucket-count=8"
    "memorysetup-bucket-allocator-block-size=33554432"
    "memorysetup-bucket-allocator-block-count=8"
    "memorysetup-main-allocator-block-size=16777216"
    "memorysetup-thread-allocator-block-size=16777216"
    "memorysetup-gfx-main-allocator-block-size=16777216"
    "memorysetup-gfx-thread-allocator-block-size=16777216"
    "memorysetup-cache-allocator-block-size=4194304"
    "memorysetup-typetree-allocator-block-size=2097152"
    "memorysetup-profiler-bucket-allocator-granularity=16"
    "memorysetup-profiler-bucket-allocator-bucket-count=8"
    "memorysetup-profiler-bucket-allocator-block-size=33554432"
    "memorysetup-profiler-bucket-allocator-block-count=8"
    "memorysetup-profiler-allocator-block-size=16777216"
    "memorysetup-profiler-editor-allocator-block-size=1048576"
    "memorysetup-temp-allocator-size-main=16777216"
    "memorysetup-job-temp-allocator-block-size=2097152"
    "memorysetup-job-temp-allocator-block-size-background=1048576"
    "memorysetup-job-temp-allocator-reduction-small-platforms=262144"
    "memorysetup-temp-allocator-size-background-worker=32768"
    "memorysetup-temp-allocator-size-job-worker=262144"
    "memorysetup-temp-allocator-size-preload-manager=33554432"
    "memorysetup-temp-allocator-size-nav-mesh-worker=65536"
    "memorysetup-temp-allocator-size-audio-worker=65536"
    "memorysetup-temp-allocator-size-cloud-worker=32768"
    "memorysetup-temp-allocator-size-gi-baking-worker=262144"
    "memorysetup-temp-allocator-size-gfx=262144"
Refreshing native plugins compatible for Editor in 113.44 ms, found 3 plugins.
Preloading 0 native plugins for Editor in 0.00 ms.
Initialize engine version: 2021.3.11f1 (0a5ca18544bf)
[Subsystems] Discovering subsystems at path C:/Program Files/Unity/Hub/Editor/2021.3.11f1/Editor/Data/Resources/UnitySubsystems
[Subsystems] Discovering subsystems at path C:/Users/Nikita Fendel/Street Driver 11/Assets
GfxDevice: creating device client; threaded=0; jobified=0
Direct3D:
    Version:  Direct3D 11.0 [level 11.1]
    Renderer: NVIDIA GeForce RTX 3050 Ti Laptop GPU (ID=0x25a0)
    Vendor:   NVIDIA
    VRAM:     3976 MB
    Driver:   31.0.15.3645
Initialize mono
Mono path[0] = 'C:/Program Files/Unity/Hub/Editor/2021.3.11f1/Editor/Data/Managed'
Mono path[1] = 'C:/Program Files/Unity/Hub/Editor/2021.3.11f1/Editor/Data/MonoBleedingEdge/lib/mono/unityjit-win32'
Mono config path = 'C:/Program Files/Unity/Hub/Editor/2021.3.11f1/Editor/Data/MonoBleedingEdge/etc'
Using monoOptions --debugger-agent=transport=dt_socket,embedding=1,server=y,suspend=n,address=127.0.0.1:56924
Begin MonoManager ReloadAssembly
Registering precompiled unity dll's ...
Register platform support module: C:/Program Files/Unity/Hub/Editor/2021.3.11f1/Editor/Data/PlaybackEngines/WebGLSupport/UnityEditor.WebGL.Extensions.dll
Register platform support module: C:/Program Files/Unity/Hub/Editor/2021.3.11f1/Editor/Data/PlaybackEngines/WindowsStandaloneSupport/UnityEditor.WindowsStandalone.Extensions.dll
Registered in 0.005761 seconds.
Native extension for WindowsStandalone target not found
Native extension for WebGL target not found
Refreshing native plugins compatible for Editor in 88.71 ms, found 3 plugins.
Preloading 0 native plugins for Editor in 0.00 ms.
Mono: successfully reloaded assembly
- Completed reload, in  0.841 seconds
Domain Reload Profiling:
	ReloadAssembly (842ms)
		BeginReloadAssembly (125ms)
			ExecutionOrderSort (0ms)
			DisableScriptedObjects (0ms)
			BackupInstance (0ms)
			ReleaseScriptingObjects (0ms)
			CreateAndSetChildDomain (1ms)
		EndReloadAssembly (565ms)
			LoadAssemblies (122ms)
			RebuildTransferFunctionScriptingTraits (0ms)
			SetupTypeCache (159ms)
			ReleaseScriptCaches (0ms)
			RebuildScriptCaches (33ms)
			SetupLoadedEditorAssemblies (303ms)
				LogAssemblyErrors (0ms)
				InitializePlatformSupportModulesInManaged (11ms)
				SetLoadedEditorAssemblies (0ms)
				RefreshPlugins (89ms)
				BeforeProcessingInitializeOnLoad (1ms)
				ProcessInitializeOnLoadAttributes (142ms)
				ProcessInitializeOnLoadMethodAttributes (59ms)
				AfterProcessingInitializeOnLoad (0ms)
				EditorAssembliesLoaded (0ms)
			ExecutionOrderSort2 (0ms)
			AwakeInstancesAfterBackupRestoration (0ms)
Platform modules already initialized, skipping
Registering precompiled user dll's ...
Registered in 0.005656 seconds.
Begin MonoManager ReloadAssembly
Symbol file LoadedFromMemory doesn't match image C:\Users\Nikita Fendel\Street Driver 11\Library\PackageCache\com.unity.visualscripting@1.7.8\Editor\VisualScripting.Core\Dependencies\YamlDotNet\Unity.VisualScripting.YamlDotNet.dll
Symbol file LoadedFromMemory doesn't match image C:\Users\Nikita Fendel\Street Driver 11\Library\PackageCache\com.unity.visualscripting@1.7.8\Editor\VisualScripting.Core\Dependencies\DotNetZip\Unity.VisualScripting.IonicZip.dll
Native extension for WindowsStandalone target not found
Native extension for WebGL target not found
Refreshing native plugins compatible for Editor in 1.08 ms, found 3 plugins.
Preloading 0 native plugins for Editor in 0.00 ms.
Mono: successfully reloaded assembly
- Completed reload, in  1.254 seconds
Domain Reload Profiling:
	ReloadAssembly (1255ms)
		BeginReloadAssembly (142ms)
			ExecutionOrderSort (0ms)
			DisableScriptedObjects (8ms)
			BackupInstance (0ms)
			ReleaseScriptingObjects (0ms)
			CreateAndSetChildDomain (27ms)
		EndReloadAssembly (978ms)
			LoadAssemblies (109ms)
			RebuildTransferFunctionScriptingTraits (0ms)
			SetupTypeCache (318ms)
			ReleaseScriptCaches (1ms)
			RebuildScriptCaches (72ms)
			SetupLoadedEditorAssemblies (434ms)
				LogAssemblyErrors (0ms)
				InitializePlatformSupportModulesInManaged (7ms)
				SetLoadedEditorAssemblies (1ms)
				RefreshPlugins (1ms)
				BeforeProcessingInitializeOnLoad (103ms)
				ProcessInitializeOnLoadAttributes (282ms)
				ProcessInitializeOnLoadMethodAttributes (33ms)
				AfterProcessingInitializeOnLoad (7ms)
				EditorAssembliesLoaded (0ms)
			ExecutionOrderSort2 (0ms)
			AwakeInstancesAfterBackupRestoration (6ms)
Platform modules already initialized, skipping
========================================================================
Worker process is ready to serve import requests
Launched and connected shader compiler UnityShaderCompiler.exe after 0.06 seconds
Refreshing native plugins compatible for Editor in 2.54 ms, found 3 plugins.
Preloading 0 native plugins for Editor in 0.00 ms.
Unloading 3385 Unused Serialized files (Serialized files now loaded: 0)
Unloading 27 unused Assets / (114.4 KB). Loaded Objects now: 3870.
Memory consumption went from 133.6 MB to 133.5 MB.
Total: 4.200400 ms (FindLiveObjects: 0.333500 ms CreateObjectMapping: 0.108400 ms MarkObjects: 3.579300 ms  DeleteObjects: 0.176100 ms)

AssetImportParameters requested are different than current active one (requested -> active):
  custom:video-decoder-ogg-theora: a1e56fd34408186e4bbccfd4996cb3dc -> 
  custom:container-muxer-webm: aa71ff27fc2769a1b78a27578f13a17b -> 
  custom:container-demuxer-webm: 4f35f7cbe854078d1ac9338744f61a02 -> 
  custom:video-encoder-webm-vp8: eb34c28f22e8b96e1ab97ce403110664 -> 
  custom:audio-encoder-webm-vorbis: bf7c407c2cedff20999df2af8eb42d56 -> 
  custom:framework-win-MediaFoundation: 216162199b28c13a410421893ffa2e32 -> 
  custom:container-demuxer-ogg: 62fdf1f143b41e24485cea50d1cbac27 -> 
  custom:video-decoder-webm-vp8: 9c59270c3fd7afecdb556c50c9e8de78 -> 
  custom:audio-decoder-ogg-vorbis: bf7c407c2cedff20999df2af8eb42d56 -> 
========================================================================
Received Import Request.
  Time since last request: 24863.475980 seconds.
  path: Assets/LowPolyVehicle2/Scenes/DemoScene.unity
  artifactKey: Guid(1fcc14d2f65b62e4985ccca29082d9a5) Importer(815301076,1909f56bfc062723c751e8b465ee728b)
Start importing Assets/LowPolyVehicle2/Scenes/DemoScene.unity using Guid(1fcc14d2f65b62e4985ccca29082d9a5) Importer(815301076,1909f56bfc062723c751e8b465ee728b)  -> (artifact id: 'b16f0c7c9e32a065ca7bf92babf47a04') in 0.021742 seconds 
========================================================================
Received Import Request.
  Time since last request: 12.063747 seconds.
  path: Assets/LowPolyVehicle2/Textures/pastel-palette.png
  artifactKey: Guid(d1cdee10fcc0df547b6a5872390b68eb) Importer(815301076,1909f56bfc062723c751e8b465ee728b)
Start importing Assets/LowPolyVehicle2/Textures/pastel-palette.png using Guid(d1cdee10fcc0df547b6a5872390b68eb) Importer(815301076,1909f56bfc062723c751e8b465ee728b)  -> (artifact id: '994dfb1f18c8c31479dcc66225325490') in 0.145460 seconds 
========================================================================
Received Import Request.
  Time since last request: 10.118268 seconds.
  path: Assets/_DLNK/_DLNK Source/_DLNK Libraries/[dlnk Texture Library]/FXs/Skies/Ancient Iberic Ruins.jpg
  artifactKey: Guid(19f9e886fa24e55499075ff8e8782e67) Importer(815301076,1909f56bfc062723c751e8b465ee728b)
Start importing Assets/_DLNK/_DLNK Source/_DLNK Libraries/[dlnk Texture Library]/FXs/Skies/Ancient Iberic Ruins.jpg using Guid(19f9e886fa24e55499075ff8e8782e67) Importer(815301076,1909f56bfc062723c751e8b465ee728b)  -> (artifact id: '9d7a4fc5b30ebcea6d78ee9869f212c0') in 0.196953 seconds 
========================================================================
Received Import Request.
  Time since last request: 0.000039 seconds.
  path: Assets/_DLNK/_DLNK Source/_DLNK Libraries/[dlnk Texture Library]/FXs/Skies/House Backyard.jpg
  artifactKey: Guid(a3afd6a5e69150f40ac4f5491a6a1bc4) Importer(815301076,1909f56bfc062723c751e8b465ee728b)
Start importing Assets/_DLNK/_DLNK Source/_DLNK Libraries/[dlnk Texture Library]/FXs/Skies/House Backyard.jpg using Guid(a3afd6a5e69150f40ac4f5491a6a1bc4) Importer(815301076,1909f56bfc062723c751e8b465ee728b)  -> (artifact id: '5545d4b36cd8e1bf83c73607eeb6195a') in 0.114125 seconds 
========================================================================
Received Import Request.
  Time since last request: 0.000078 seconds.
  path: Assets/_DLNK/_DLNK Source/_DLNK Libraries/[dlnk Texture Library]/FXs/Skies/High Mountains Fog.jpg
  artifactKey: Guid(13ae23613ed5bc34ea0f0895d9f42937) Importer(815301076,1909f56bfc062723c751e8b465ee728b)
Start importing Assets/_DLNK/_DLNK Source/_DLNK Libraries/[dlnk Texture Library]/FXs/Skies/High Mountains Fog.jpg using Guid(13ae23613ed5bc34ea0f0895d9f42937) Importer(815301076,1909f56bfc062723c751e8b465ee728b)  -> (artifact id: '6a9a670434f72a189593a8a072aa1d57') in 0.079838 seconds 
========================================================================
Received Import Request.
  Time since last request: 0.000062 seconds.
  path: Assets/_DLNK/_DLNK Source/_DLNK Libraries/[dlnk Texture Library]/FXs/Skies/Backyard plants.jpg
  artifactKey: Guid(fe18c886369593b42a2234ee4d2f4efd) Importer(815301076,1909f56bfc062723c751e8b465ee728b)
Start importing Assets/_DLNK/_DLNK Source/_DLNK Libraries/[dlnk Texture Library]/FXs/Skies/Backyard plants.jpg using Guid(fe18c886369593b42a2234ee4d2f4efd) Importer(815301076,1909f56bfc062723c751e8b465ee728b)  -> (artifact id: '753065ec8ee1c1d338f10055188176de') in 0.073289 seconds 
========================================================================
Received Import Request.
  Time since last request: 0.000072 seconds.
  path: Assets/_DLNK/_DLNK Source/_DLNK Libraries/[dlnk Texture Library]/FXs/Skies/Rocks.jpg
  artifactKey: Guid(0d9f636ee3e630040ab88f598ddd355f) Importer(815301076,1909f56bfc062723c751e8b465ee728b)
Start importing Assets/_DLNK/_DLNK Source/_DLNK Libraries/[dlnk Texture Library]/FXs/Skies/Rocks.jpg using Guid(0d9f636ee3e630040ab88f598ddd355f) Importer(815301076,1909f56bfc062723c751e8b465ee728b)  -> (artifact id: '987fa5855f4f4a471d9c8ac6ebf6153f') in 0.077201 seconds 
========================================================================
Received Import Request.
  Time since last request: 0.000058 seconds.
  path: Assets/_DLNK/_DLNK Source/_DLNK Libraries/[dlnk Texture Library]/FXs/Skies/Beach Rocks.jpg
  artifactKey: Guid(0ed9901e969642d46868e10035780291) Importer(815301076,1909f56bfc062723c751e8b465ee728b)
Start importing Assets/_DLNK/_DLNK Source/_DLNK Libraries/[dlnk Texture Library]/FXs/Skies/Beach Rocks.jpg using Guid(0ed9901e969642d46868e10035780291) Importer(815301076,1909f56bfc062723c751e8b465ee728b)  -> (artifact id: '49c416c2ddf981c0fa78e0a690ee707a') in 0.086423 seconds 
========================================================================
Received Import Request.
  Time since last request: 0.000112 seconds.
  path: Assets/_DLNK/_DLNK Source/_DLNK Libraries/[dlnk Texture Library]/FXs/Skies/Beach City.jpg
  artifactKey: Guid(8a7144d8f9fc3a54897dc7a4271371d8) Importer(815301076,1909f56bfc062723c751e8b465ee728b)
Start importing Assets/_DLNK/_DLNK Source/_DLNK Libraries/[dlnk Texture Library]/FXs/Skies/Beach City.jpg using Guid(8a7144d8f9fc3a54897dc7a4271371d8) Importer(815301076,1909f56bfc062723c751e8b465ee728b)  -> (artifact id: 'a0a98159dea4a4663c0a74918003c003') in 0.083174 seconds 
========================================================================
Received Import Request.
  Time since last request: 0.000091 seconds.
  path: Assets/_DLNK/_DLNK Source/_DLNK Libraries/[dlnk Texture Library]/FXs/Skies/High Mountains.jpg
  artifactKey: Guid(e13d1b8dd8dc80b4faa06ae66c21a1b3) Importer(815301076,1909f56bfc062723c751e8b465ee728b)
Start importing Assets/_DLNK/_DLNK Source/_DLNK Libraries/[dlnk Texture Library]/FXs/Skies/High Mountains.jpg using Guid(e13d1b8dd8dc80b4faa06ae66c21a1b3) Importer(815301076,1909f56bfc062723c751e8b465ee728b)  -> (artifact id: 'ea79ae71fbc276889cc7abac602a90f9') in 0.077739 seconds 
========================================================================
Received Import Request.
  Time since last request: 0.000072 seconds.
  path: Assets/_DLNK/_DLNK Source/_DLNK Libraries/[dlnk Texture Library]/FXs/Skies/Greenhouse.jpg
  artifactKey: Guid(3cca9bc0afaf1f442bb9c035c46ae7a2) Importer(815301076,1909f56bfc062723c751e8b465ee728b)
Start importing Assets/_DLNK/_DLNK Source/_DLNK Libraries/[dlnk Texture Library]/FXs/Skies/Greenhouse.jpg using Guid(3cca9bc0afaf1f442bb9c035c46ae7a2) Importer(815301076,1909f56bfc062723c751e8b465ee728b)  -> (artifact id: 'f01b954c33509829a99aa472ed5dd23c') in 0.080308 seconds 
========================================================================
Received Import Request.
  Time since last request: 0.000077 seconds.
  path: Assets/_DLNK/_DLNK Source/_DLNK Libraries/[dlnk Texture Library]/FXs/Skies/Village Crop Field.jpg
  artifactKey: Guid(fb716e36c96239d4db5508f11cde198a) Importer(815301076,1909f56bfc062723c751e8b465ee728b)
Start importing Assets/_DLNK/_DLNK Source/_DLNK Libraries/[dlnk Texture Library]/FXs/Skies/Village Crop Field.jpg using Guid(fb716e36c96239d4db5508f11cde198a) Importer(815301076,1909f56bfc062723c751e8b465ee728b)  -> (artifact id: 'c55a51e52c48796a5dce0b2a3ee62069') in 0.086700 seconds 
========================================================================
Received Import Request.
  Time since last request: 0.000062 seconds.
  path: Assets/_DLNK/_DLNK Source/_DLNK Libraries/[dlnk Texture Library]/FXs/Skies/SierraNevada.jpg
  artifactKey: Guid(b3aa3942d0e65a7488cd88e23365b47b) Importer(815301076,1909f56bfc062723c751e8b465ee728b)
Start importing Assets/_DLNK/_DLNK Source/_DLNK Libraries/[dlnk Texture Library]/FXs/Skies/SierraNevada.jpg using Guid(b3aa3942d0e65a7488cd88e23365b47b) Importer(815301076,1909f56bfc062723c751e8b465ee728b)  -> (artifact id: '069539daf4349bcdcb7f93ff210a7262') in 0.051887 seconds 
========================================================================
Received Import Request.
  Time since last request: 0.000123 seconds.
  path: Assets/_DLNK/_DLNK Source/_DLNK Libraries/[dlnk Texture Library]/FXs/Skies/Ancient Iberic Ruins_3.jpg
  artifactKey: Guid(1c181c4f963919a4ca64a85cad4d331f) Importer(815301076,1909f56bfc062723c751e8b465ee728b)
Start importing Assets/_DLNK/_DLNK Source/_DLNK Libraries/[dlnk Texture Library]/FXs/Skies/Ancient Iberic Ruins_3.jpg using Guid(1c181c4f963919a4ca64a85cad4d331f) Importer(815301076,1909f56bfc062723c751e8b465ee728b)  -> (artifact id: 'f2b3605066de557848d22a555c0d711b') in 0.074235 seconds 
========================================================================
Received Import Request.
  Time since last request: 0.000058 seconds.
  path: Assets/_DLNK/_DLNK Source/_DLNK Libraries/[dlnk Texture Library]/FXs/Skies/Mountain Prairie.jpg
  artifactKey: Guid(7aeb23711684f7649aae19b162b7a865) Importer(815301076,1909f56bfc062723c751e8b465ee728b)
Start importing Assets/_DLNK/_DLNK Source/_DLNK Libraries/[dlnk Texture Library]/FXs/Skies/Mountain Prairie.jpg using Guid(7aeb23711684f7649aae19b162b7a865) Importer(815301076,1909f56bfc062723c751e8b465ee728b)  -> (artifact id: '6c9b0d453142c6e6c470da07b72490af') in 0.086881 seconds 
========================================================================
Received Import Request.
  Time since last request: 0.000074 seconds.
  path: Assets/_DLNK/_DLNK Source/_DLNK Libraries/[dlnk Texture Library]/FXs/Skies/Olive Fields.jpg
  artifactKey: Guid(9afffba7e57ff71489ba6aead6b414c9) Importer(815301076,1909f56bfc062723c751e8b465ee728b)
Start importing Assets/_DLNK/_DLNK Source/_DLNK Libraries/[dlnk Texture Library]/FXs/Skies/Olive Fields.jpg using Guid(9afffba7e57ff71489ba6aead6b414c9) Importer(815301076,1909f56bfc062723c751e8b465ee728b)  -> (artifact id: '541121e611af8d7bbe5f876d89e67804') in 0.073393 seconds 
Editor requested this worker to shutdown with reason: Scaling down because of idle timeout
AssetImportWorker is now disconnected from the server
Process exiting
Exiting without the bug reporter. Application will terminate with return code 0