Using pre-set license
Built from '2021.3/staging' branch; Version is '2021.3.11f1 (0a5ca18544bf) revision 679073'; Using compiler version '192829333'; Build Type 'Release'
OS: 'Windows 11  (10.0.22621) 64bit ProfessionalWorkstation' Language: 'ru' Physical Memory: 15791 MB
BatchMode: 1, IsHumanControllingUs: 0, StartBugReporterOnCrash: 0, Is64bit: 1, IsPro: 1

COMMAND LINE ARGUMENTS:
C:\Program Files\Unity\Hub\Editor\2021.3.11f1\Editor\Unity.exe
-adb2
-batchMode
-noUpm
-name
AssetImportWorker0
-projectPath
C:/Users/Nikita Fendel/Street Driver 11
-logFile
Logs/AssetImportWorker0.log
-srvPort
51922
Successfully changed project path to: C:/Users/Nikita Fendel/Street Driver 11
C:/Users/Nikita Fendel/Street Driver 11
[UnityMemory] Configuration Parameters - Can be set up in boot.config
    "memorysetup-bucket-allocator-granularity=16"
    "memorysetup-bucket-allocator-bucket-count=8"
    "memorysetup-bucket-allocator-block-size=33554432"
    "memorysetup-bucket-allocator-block-count=8"
    "memorysetup-main-allocator-block-size=16777216"
    "memorysetup-thread-allocator-block-size=16777216"
    "memorysetup-gfx-main-allocator-block-size=16777216"
    "memorysetup-gfx-thread-allocator-block-size=16777216"
    "memorysetup-cache-allocator-block-size=4194304"
    "memorysetup-typetree-allocator-block-size=2097152"
    "memorysetup-profiler-bucket-allocator-granularity=16"
    "memorysetup-profiler-bucket-allocator-bucket-count=8"
    "memorysetup-profiler-bucket-allocator-block-size=33554432"
    "memorysetup-profiler-bucket-allocator-block-count=8"
    "memorysetup-profiler-allocator-block-size=16777216"
    "memorysetup-profiler-editor-allocator-block-size=1048576"
    "memorysetup-temp-allocator-size-main=16777216"
    "memorysetup-job-temp-allocator-block-size=2097152"
    "memorysetup-job-temp-allocator-block-size-background=1048576"
    "memorysetup-job-temp-allocator-reduction-small-platforms=262144"
    "memorysetup-temp-allocator-size-background-worker=32768"
    "memorysetup-temp-allocator-size-job-worker=262144"
    "memorysetup-temp-allocator-size-preload-manager=33554432"
    "memorysetup-temp-allocator-size-nav-mesh-worker=65536"
    "memorysetup-temp-allocator-size-audio-worker=65536"
    "memorysetup-temp-allocator-size-cloud-worker=32768"
    "memorysetup-temp-allocator-size-gi-baking-worker=262144"
    "memorysetup-temp-allocator-size-gfx=262144"
Refreshing native plugins compatible for Editor in 112.42 ms, found 3 plugins.
Preloading 0 native plugins for Editor in 0.00 ms.
Initialize engine version: 2021.3.11f1 (0a5ca18544bf)
[Subsystems] Discovering subsystems at path C:/Program Files/Unity/Hub/Editor/2021.3.11f1/Editor/Data/Resources/UnitySubsystems
[Subsystems] Discovering subsystems at path C:/Users/Nikita Fendel/Street Driver 11/Assets
GfxDevice: creating device client; threaded=0; jobified=0
Direct3D:
    Version:  Direct3D 11.0 [level 11.1]
    Renderer: NVIDIA GeForce RTX 3050 Ti Laptop GPU (ID=0x25a0)
    Vendor:   NVIDIA
    VRAM:     3976 MB
    Driver:   31.0.15.3645
Initialize mono
Mono path[0] = 'C:/Program Files/Unity/Hub/Editor/2021.3.11f1/Editor/Data/Managed'
Mono path[1] = 'C:/Program Files/Unity/Hub/Editor/2021.3.11f1/Editor/Data/MonoBleedingEdge/lib/mono/unityjit-win32'
Mono config path = 'C:/Program Files/Unity/Hub/Editor/2021.3.11f1/Editor/Data/MonoBleedingEdge/etc'
Using monoOptions --debugger-agent=transport=dt_socket,embedding=1,server=y,suspend=n,address=127.0.0.1:56372
Begin MonoManager ReloadAssembly
Registering precompiled unity dll's ...
Register platform support module: C:/Program Files/Unity/Hub/Editor/2021.3.11f1/Editor/Data/PlaybackEngines/WebGLSupport/UnityEditor.WebGL.Extensions.dll
Register platform support module: C:/Program Files/Unity/Hub/Editor/2021.3.11f1/Editor/Data/PlaybackEngines/WindowsStandaloneSupport/UnityEditor.WindowsStandalone.Extensions.dll
Registered in 0.010524 seconds.
Native extension for WindowsStandalone target not found
Native extension for WebGL target not found
Refreshing native plugins compatible for Editor in 90.39 ms, found 3 plugins.
Preloading 0 native plugins for Editor in 0.00 ms.
Mono: successfully reloaded assembly
- Completed reload, in  0.846 seconds
Domain Reload Profiling:
	ReloadAssembly (846ms)
		BeginReloadAssembly (123ms)
			ExecutionOrderSort (0ms)
			DisableScriptedObjects (0ms)
			BackupInstance (0ms)
			ReleaseScriptingObjects (0ms)
			CreateAndSetChildDomain (1ms)
		EndReloadAssembly (560ms)
			LoadAssemblies (121ms)
			RebuildTransferFunctionScriptingTraits (0ms)
			SetupTypeCache (161ms)
			ReleaseScriptCaches (0ms)
			RebuildScriptCaches (33ms)
			SetupLoadedEditorAssemblies (303ms)
				LogAssemblyErrors (0ms)
				InitializePlatformSupportModulesInManaged (9ms)
				SetLoadedEditorAssemblies (0ms)
				RefreshPlugins (91ms)
				BeforeProcessingInitializeOnLoad (1ms)
				ProcessInitializeOnLoadAttributes (148ms)
				ProcessInitializeOnLoadMethodAttributes (54ms)
				AfterProcessingInitializeOnLoad (0ms)
				EditorAssembliesLoaded (0ms)
			ExecutionOrderSort2 (0ms)
			AwakeInstancesAfterBackupRestoration (0ms)
Platform modules already initialized, skipping
Registering precompiled user dll's ...
Registered in 0.005705 seconds.
Begin MonoManager ReloadAssembly
Symbol file LoadedFromMemory doesn't match image C:\Users\Nikita Fendel\Street Driver 11\Library\PackageCache\com.unity.visualscripting@1.7.8\Editor\VisualScripting.Core\Dependencies\YamlDotNet\Unity.VisualScripting.YamlDotNet.dll
Symbol file LoadedFromMemory doesn't match image C:\Users\Nikita Fendel\Street Driver 11\Library\PackageCache\com.unity.visualscripting@1.7.8\Editor\VisualScripting.Core\Dependencies\DotNetZip\Unity.VisualScripting.IonicZip.dll
Native extension for WindowsStandalone target not found
Native extension for WebGL target not found
Refreshing native plugins compatible for Editor in 1.12 ms, found 3 plugins.
Preloading 0 native plugins for Editor in 0.00 ms.
Mono: successfully reloaded assembly
- Completed reload, in  1.307 seconds
Domain Reload Profiling:
	ReloadAssembly (1308ms)
		BeginReloadAssembly (143ms)
			ExecutionOrderSort (0ms)
			DisableScriptedObjects (6ms)
			BackupInstance (0ms)
			ReleaseScriptingObjects (0ms)
			CreateAndSetChildDomain (30ms)
		EndReloadAssembly (1015ms)
			LoadAssemblies (106ms)
			RebuildTransferFunctionScriptingTraits (0ms)
			SetupTypeCache (331ms)
			ReleaseScriptCaches (1ms)
			RebuildScriptCaches (70ms)
			SetupLoadedEditorAssemblies (455ms)
				LogAssemblyErrors (0ms)
				InitializePlatformSupportModulesInManaged (12ms)
				SetLoadedEditorAssemblies (1ms)
				RefreshPlugins (1ms)
				BeforeProcessingInitializeOnLoad (119ms)
				ProcessInitializeOnLoadAttributes (282ms)
				ProcessInitializeOnLoadMethodAttributes (32ms)
				AfterProcessingInitializeOnLoad (9ms)
				EditorAssembliesLoaded (0ms)
			ExecutionOrderSort2 (0ms)
			AwakeInstancesAfterBackupRestoration (9ms)
Platform modules already initialized, skipping
========================================================================
Worker process is ready to serve import requests
Launched and connected shader compiler UnityShaderCompiler.exe after 0.07 seconds
Refreshing native plugins compatible for Editor in 2.51 ms, found 3 plugins.
Preloading 0 native plugins for Editor in 0.00 ms.
Unloading 3385 Unused Serialized files (Serialized files now loaded: 0)
Unloading 27 unused Assets / (114.3 KB). Loaded Objects now: 3870.
Memory consumption went from 133.6 MB to 133.5 MB.
Total: 5.164700 ms (FindLiveObjects: 0.547100 ms CreateObjectMapping: 0.195700 ms MarkObjects: 4.162900 ms  DeleteObjects: 0.257400 ms)

AssetImportParameters requested are different than current active one (requested -> active):
  custom:video-decoder-ogg-theora: a1e56fd34408186e4bbccfd4996cb3dc -> 
  custom:container-muxer-webm: aa71ff27fc2769a1b78a27578f13a17b -> 
  custom:container-demuxer-webm: 4f35f7cbe854078d1ac9338744f61a02 -> 
  custom:video-encoder-webm-vp8: eb34c28f22e8b96e1ab97ce403110664 -> 
  custom:audio-encoder-webm-vorbis: bf7c407c2cedff20999df2af8eb42d56 -> 
  custom:framework-win-MediaFoundation: 216162199b28c13a410421893ffa2e32 -> 
  custom:container-demuxer-ogg: 62fdf1f143b41e24485cea50d1cbac27 -> 
  custom:video-decoder-webm-vp8: 9c59270c3fd7afecdb556c50c9e8de78 -> 
  custom:audio-decoder-ogg-vorbis: bf7c407c2cedff20999df2af8eb42d56 -> 
========================================================================
Received Import Request.
  Time since last request: 24875.551067 seconds.
  path: Assets/LowPolyVehicle2/Textures
  artifactKey: Guid(2688251a13337764eac39e926d330cdf) Importer(815301076,1909f56bfc062723c751e8b465ee728b)
Start importing Assets/LowPolyVehicle2/Textures using Guid(2688251a13337764eac39e926d330cdf) Importer(815301076,1909f56bfc062723c751e8b465ee728b)  -> (artifact id: 'f0ff192ae397a9a4a4b19cde8b044f55') in 0.015140 seconds 
========================================================================
Received Import Request.
  Time since last request: 8.961738 seconds.
  path: Assets/_DLNK/_DLNK Source/_DLNK Libraries/[dlnk Texture Library]
  artifactKey: Guid(d65c947f11d0d9044b56fb89cf95c7f8) Importer(815301076,1909f56bfc062723c751e8b465ee728b)
Start importing Assets/_DLNK/_DLNK Source/_DLNK Libraries/[dlnk Texture Library] using Guid(d65c947f11d0d9044b56fb89cf95c7f8) Importer(815301076,1909f56bfc062723c751e8b465ee728b)  -> (artifact id: '06ca1238d5d71c86246874490d82dd1e') in 0.012393 seconds 
========================================================================
Received Import Request.
  Time since last request: 0.646494 seconds.
  path: Assets/_DLNK/_DLNK Source/_DLNK Libraries/[dlnk Texture Library]/FXs
  artifactKey: Guid(c848585f13bbc4845a4ab90214151ffb) Importer(815301076,1909f56bfc062723c751e8b465ee728b)
Start importing Assets/_DLNK/_DLNK Source/_DLNK Libraries/[dlnk Texture Library]/FXs using Guid(c848585f13bbc4845a4ab90214151ffb) Importer(815301076,1909f56bfc062723c751e8b465ee728b)  -> (artifact id: 'b6410a4af340f78e7a9d3debc0de7bb7') in 0.012488 seconds 
========================================================================
Received Import Request.
  Time since last request: 0.532956 seconds.
  path: Assets/_DLNK/_DLNK Source/_DLNK Libraries/[dlnk Texture Library]/FXs/Skies
  artifactKey: Guid(babeb2bc00b77614984bbc518ec3daa3) Importer(815301076,1909f56bfc062723c751e8b465ee728b)
Start importing Assets/_DLNK/_DLNK Source/_DLNK Libraries/[dlnk Texture Library]/FXs/Skies using Guid(babeb2bc00b77614984bbc518ec3daa3) Importer(815301076,1909f56bfc062723c751e8b465ee728b)  -> (artifact id: '341c5045f3fe8c9018716de018f65503') in 0.010637 seconds 
========================================================================
Received Import Request.
  Time since last request: 0.064788 seconds.
  path: Assets/_DLNK/_DLNK Source/_DLNK Libraries/[dlnk Texture Library]/FXs/Skies/Abandoned Village.jpg
  artifactKey: Guid(9cd154f5722e41d4a8c8240b395ba058) Importer(815301076,1909f56bfc062723c751e8b465ee728b)
Start importing Assets/_DLNK/_DLNK Source/_DLNK Libraries/[dlnk Texture Library]/FXs/Skies/Abandoned Village.jpg using Guid(9cd154f5722e41d4a8c8240b395ba058) Importer(815301076,1909f56bfc062723c751e8b465ee728b)  -> (artifact id: '075ba8ac253e75532b129604ca00f4e5') in 0.285924 seconds 
========================================================================
Received Import Request.
  Time since last request: 0.000038 seconds.
  path: Assets/_DLNK/_DLNK Source/_DLNK Libraries/[dlnk Texture Library]/FXs/Skies/Ancient Iberic Ruins_2.jpg
  artifactKey: Guid(58f6f9d17a0206246bc0322dd810d037) Importer(815301076,1909f56bfc062723c751e8b465ee728b)
Start importing Assets/_DLNK/_DLNK Source/_DLNK Libraries/[dlnk Texture Library]/FXs/Skies/Ancient Iberic Ruins_2.jpg using Guid(58f6f9d17a0206246bc0322dd810d037) Importer(815301076,1909f56bfc062723c751e8b465ee728b)  -> (artifact id: '593df37a8f9dd57084889c7e7a56ccf5') in 0.081557 seconds 
========================================================================
Received Import Request.
  Time since last request: 0.000098 seconds.
  path: Assets/_DLNK/_DLNK Source/_DLNK Libraries/[dlnk Texture Library]/FXs/Skies/Old Factory Ruins.jpg
  artifactKey: Guid(a7c2e78ff31a199489801c525d250f08) Importer(815301076,1909f56bfc062723c751e8b465ee728b)
Start importing Assets/_DLNK/_DLNK Source/_DLNK Libraries/[dlnk Texture Library]/FXs/Skies/Old Factory Ruins.jpg using Guid(a7c2e78ff31a199489801c525d250f08) Importer(815301076,1909f56bfc062723c751e8b465ee728b)  -> (artifact id: 'e16d573ee3951b9f0efe1d4ac8402e3c') in 0.061990 seconds 
========================================================================
Received Import Request.
  Time since last request: 0.000093 seconds.
  path: Assets/_DLNK/_DLNK Source/_DLNK Libraries/[dlnk Texture Library]/FXs/Skies/Beach Stones.jpg
  artifactKey: Guid(4bb7b6f931717404faca5ee6a0566cc5) Importer(815301076,1909f56bfc062723c751e8b465ee728b)
Start importing Assets/_DLNK/_DLNK Source/_DLNK Libraries/[dlnk Texture Library]/FXs/Skies/Beach Stones.jpg using Guid(4bb7b6f931717404faca5ee6a0566cc5) Importer(815301076,1909f56bfc062723c751e8b465ee728b)  -> (artifact id: '6a8872d57285801603351a7e0326cc24') in 0.087302 seconds 
========================================================================
Received Import Request.
  Time since last request: 0.000080 seconds.
  path: Assets/_DLNK/_DLNK Source/_DLNK Libraries/[dlnk Texture Library]/FXs/Skies/Plants Field.jpg
  artifactKey: Guid(5ae325953c31fd84a912d2f469ac644b) Importer(815301076,1909f56bfc062723c751e8b465ee728b)
Start importing Assets/_DLNK/_DLNK Source/_DLNK Libraries/[dlnk Texture Library]/FXs/Skies/Plants Field.jpg using Guid(5ae325953c31fd84a912d2f469ac644b) Importer(815301076,1909f56bfc062723c751e8b465ee728b)  -> (artifact id: 'b8b9555bcac51c1ec130804ea510e3bc') in 0.073689 seconds 
========================================================================
Received Import Request.
  Time since last request: 0.000144 seconds.
  path: Assets/_DLNK/_DLNK Source/_DLNK Libraries/[dlnk Texture Library]/FXs/Skies/Tulipan Field.jpg
  artifactKey: Guid(e91b9c1d162d0cf4383141997c21a746) Importer(815301076,1909f56bfc062723c751e8b465ee728b)
Start importing Assets/_DLNK/_DLNK Source/_DLNK Libraries/[dlnk Texture Library]/FXs/Skies/Tulipan Field.jpg using Guid(e91b9c1d162d0cf4383141997c21a746) Importer(815301076,1909f56bfc062723c751e8b465ee728b)  -> (artifact id: 'cc89dcae93cc7ef8f71383569ce0ba4f') in 0.080952 seconds 
========================================================================
Received Import Request.
  Time since last request: 0.000083 seconds.
  path: Assets/_DLNK/_DLNK Source/_DLNK Libraries/[dlnk Texture Library]/FXs/Skies/Road Street.jpg
  artifactKey: Guid(a3833c072aa630047b4767b74ffda7e4) Importer(815301076,1909f56bfc062723c751e8b465ee728b)
Start importing Assets/_DLNK/_DLNK Source/_DLNK Libraries/[dlnk Texture Library]/FXs/Skies/Road Street.jpg using Guid(a3833c072aa630047b4767b74ffda7e4) Importer(815301076,1909f56bfc062723c751e8b465ee728b)  -> (artifact id: '352efb778041850746ddded01df4f40d') in 0.082403 seconds 
========================================================================
Received Import Request.
  Time since last request: 0.000095 seconds.
  path: Assets/_DLNK/_DLNK Source/_DLNK Libraries/[dlnk Texture Library]/FXs/Skies/Coast Street.jpg
  artifactKey: Guid(dfb34eda49d510246b95f241880d1927) Importer(815301076,1909f56bfc062723c751e8b465ee728b)
Start importing Assets/_DLNK/_DLNK Source/_DLNK Libraries/[dlnk Texture Library]/FXs/Skies/Coast Street.jpg using Guid(dfb34eda49d510246b95f241880d1927) Importer(815301076,1909f56bfc062723c751e8b465ee728b)  -> (artifact id: '0fb247ef8c0c8a850dbbc8447573a058') in 0.084472 seconds 
========================================================================
Received Import Request.
  Time since last request: 0.000089 seconds.
  path: Assets/_DLNK/_DLNK Source/_DLNK Libraries/[dlnk Texture Library]/FXs/Skies/Old Factory Ruins_2.jpg
  artifactKey: Guid(4e50e826bca132c4795ad47f0a8e0d0c) Importer(815301076,1909f56bfc062723c751e8b465ee728b)
Start importing Assets/_DLNK/_DLNK Source/_DLNK Libraries/[dlnk Texture Library]/FXs/Skies/Old Factory Ruins_2.jpg using Guid(4e50e826bca132c4795ad47f0a8e0d0c) Importer(815301076,1909f56bfc062723c751e8b465ee728b)  -> (artifact id: '4832422c1eb379dd9223e32cac2fe9e9') in 0.074752 seconds 
========================================================================
Received Import Request.
  Time since last request: 0.000047 seconds.
  path: Assets/_DLNK/_DLNK Source/_DLNK Libraries/[dlnk Texture Library]/FXs/Skies/Under Bridge.jpg
  artifactKey: Guid(7444f72ef2b03824fb453dbee8ebcd13) Importer(815301076,1909f56bfc062723c751e8b465ee728b)
Start importing Assets/_DLNK/_DLNK Source/_DLNK Libraries/[dlnk Texture Library]/FXs/Skies/Under Bridge.jpg using Guid(7444f72ef2b03824fb453dbee8ebcd13) Importer(815301076,1909f56bfc062723c751e8b465ee728b)  -> (artifact id: '8af173de709f31e5d3eaadc4b9aa44ff') in 0.074395 seconds 
========================================================================
Received Import Request.
  Time since last request: 0.000124 seconds.
  path: Assets/_DLNK/_DLNK Source/_DLNK Libraries/[dlnk Texture Library]/FXs/Skies/Sarchal Fortress Ruins.jpg
  artifactKey: Guid(c7ec7a0165d76da4a8bfed6ef94bad1d) Importer(815301076,1909f56bfc062723c751e8b465ee728b)
Start importing Assets/_DLNK/_DLNK Source/_DLNK Libraries/[dlnk Texture Library]/FXs/Skies/Sarchal Fortress Ruins.jpg using Guid(c7ec7a0165d76da4a8bfed6ef94bad1d) Importer(815301076,1909f56bfc062723c751e8b465ee728b)  -> (artifact id: '12e01916a5315c2b8c7ba3310c83ea93') in 0.070565 seconds 
========================================================================
Received Import Request.
  Time since last request: 0.000067 seconds.
  path: Assets/_DLNK/_DLNK Source/_DLNK Libraries/[dlnk Texture Library]/FXs/Skies/Mountain Landscape.jpg
  artifactKey: Guid(a19efe4a294e5564cb75df5e7604f587) Importer(815301076,1909f56bfc062723c751e8b465ee728b)
Start importing Assets/_DLNK/_DLNK Source/_DLNK Libraries/[dlnk Texture Library]/FXs/Skies/Mountain Landscape.jpg using Guid(a19efe4a294e5564cb75df5e7604f587) Importer(815301076,1909f56bfc062723c751e8b465ee728b)  -> (artifact id: '5e653caa86426aeb8fe7b6466890ff92') in 0.069633 seconds 
========================================================================
Received Import Request.
  Time since last request: 0.000081 seconds.
  path: Assets/_DLNK/_DLNK Source/_DLNK Libraries/[dlnk Texture Library]/FXs/Skies/Old Factory Ruins_3.jpg
  artifactKey: Guid(6153353e45de87448b3f0fd0985d9da5) Importer(815301076,1909f56bfc062723c751e8b465ee728b)
Start importing Assets/_DLNK/_DLNK Source/_DLNK Libraries/[dlnk Texture Library]/FXs/Skies/Old Factory Ruins_3.jpg using Guid(6153353e45de87448b3f0fd0985d9da5) Importer(815301076,1909f56bfc062723c751e8b465ee728b)  -> (artifact id: '5f4192a35cb60e28468af93af8d8c8b1') in 0.071134 seconds 
========================================================================
Received Import Request.
  Time since last request: 0.000047 seconds.
  path: Assets/_DLNK/_DLNK Source/_DLNK Libraries/[dlnk Texture Library]/FXs/Skies/Trees Surrounding.jpg
  artifactKey: Guid(998a8b9f48e58a644824f5e10fcd6721) Importer(815301076,1909f56bfc062723c751e8b465ee728b)
Start importing Assets/_DLNK/_DLNK Source/_DLNK Libraries/[dlnk Texture Library]/FXs/Skies/Trees Surrounding.jpg using Guid(998a8b9f48e58a644824f5e10fcd6721) Importer(815301076,1909f56bfc062723c751e8b465ee728b)  -> (artifact id: '31555367aa8820e44ddf0674851070ca') in 0.074810 seconds 
Editor requested this worker to shutdown with reason: Scaling down because of idle timeout
AssetImportWorker is now disconnected from the server
Process exiting
Exiting without the bug reporter. Application will terminate with return code 0